2026-05-10 05:09:49,582 run_factor_ic INFO Cache dir: E:\Data\chongweihuang\Desktop\project\Stock-Trading\data\cache
2026-05-10 05:09:49,584 run_factor_ic INFO Factor: revenue_momentum_v2  panel=revenue  aux=None  min_history=15
2026-05-10 05:09:49,584 run_factor_ic INFO Loading universe OHLCV from cache...
2026-05-10 05:10:03,675 run_factor_ic INFO Loaded 1968 OHLCV symbols
2026-05-10 05:10:03,675 run_factor_ic INFO Loading universe revenue from cache...
2026-05-10 05:10:10,072 run_factor_ic INFO Loaded 1953 revenue symbols
2026-05-10 05:10:12,548 run_factor_ic INFO intersection-universe: ohlcv contributes 1929 symbols (threshold 250)
2026-05-10 05:10:14,825 run_factor_ic INFO intersection-universe: revenue contributes 1822 symbols (threshold 24)
2026-05-10 05:10:22,054 run_factor_ic INFO intersection-universe: margin_short contributes 1789 symbols (threshold 250)
2026-05-10 05:10:32,891 run_factor_ic INFO intersection-universe: institutional_v2 contributes 2025 symbols (threshold 250)
2026-05-10 05:10:40,652 run_factor_ic INFO intersection-universe: quarterly_eps contributes 2107 symbols (threshold 12)
2026-05-10 05:10:40,653 run_factor_ic INFO Intersection universe: 1696 symbols
2026-05-10 05:10:45,059 run_factor_ic INFO Generated 72 rebalance dates
2026-05-10 05:10:47,552 run_factor_ic INFO Regime distribution: {'ranging': 35, 'trending_up': 23, 'trending_down': 14}
2026-05-10 05:24:58,050 run_factor_ic INFO forward-return gap filter: 1292 / 117295 (1.1%) dropped (max_gap_days=5)
2026-05-10 05:24:58,050 run_factor_ic INFO Running factor_ic_report on 71 periods
2026-05-10 05:24:58,065 run_factor_ic INFO Loaded 3074 industry labels for effective_n clustering
2026-05-10 05:25:29,722 run_factor_ic INFO Wrote e:\Data\chongweihuang\Desktop\project\Stock-Trading\reports\factor_ic\revenue_momentum_v2_ic.json
============================================================
  Factor IC: revenue_momentum_v2
============================================================
  periods               : 71
  n_symbols_avg         : 1633.8
  mean_ic               : 0.0145
  ic_ir                 : 0.1906
  t_stat                : 1.606
  p_value               : 0.1128
  bootstrap 95%% (block): [-0.0013, 0.0305]
  bootstrap 95%% (iid)  : [-0.0045, 0.0302]
  DSR (confidence)      : 0.0  (n_trials=5; BLdP 2014: >=0.95 significant, NOT a p-value)
  effective_n           : 270
  permutation           : significant_positive (p_emp=0.0066)
  regime ICs            :
    ranging         mean=0.0098 n=34
    trending_down   mean=0.0491 n=14
    trending_up     mean=0.0002 n=23
============================================================
