2026-05-10 02:59:12,152 run_factor_ic INFO Cache dir: E:\Data\chongweihuang\Desktop\project\Stock-Trading\data\cache
2026-05-10 02:59:12,153 run_factor_ic INFO Factor: foreign_broker_v2  panel=institutional_v2  aux=market_value  min_history=60
2026-05-10 02:59:12,153 run_factor_ic INFO Loading universe OHLCV from cache...
2026-05-10 02:59:25,580 run_factor_ic INFO Loaded 1968 OHLCV symbols
2026-05-10 02:59:25,580 run_factor_ic INFO Loading universe institutional_v2 from cache...
2026-05-10 02:59:35,924 run_factor_ic INFO Loaded 2063 institutional_v2 symbols
2026-05-10 02:59:35,924 run_factor_ic INFO Loading market_value PIT panel...
2026-05-10 02:59:35,982 run_factor_ic INFO Loaded market_value panel: 157375 rows, 1952 unique symbols, range 2013-01-31 00:00:00 ~ 2026-04-30 00:00:00
2026-05-10 02:59:39,887 run_factor_ic INFO intersection-universe: ohlcv contributes 1929 symbols (threshold 250)
2026-05-10 02:59:46,855 run_factor_ic INFO intersection-universe: revenue contributes 1822 symbols (threshold 24)
2026-05-10 02:59:56,017 run_factor_ic INFO intersection-universe: margin_short contributes 1789 symbols (threshold 250)
2026-05-10 03:00:07,698 run_factor_ic INFO intersection-universe: institutional_v2 contributes 2025 symbols (threshold 250)
2026-05-10 03:00:15,497 run_factor_ic INFO intersection-universe: quarterly_eps contributes 2107 symbols (threshold 12)
2026-05-10 03:00:15,500 run_factor_ic INFO Intersection universe: 1696 symbols
2026-05-10 03:00:18,482 run_factor_ic INFO Generated 72 rebalance dates
2026-05-10 03:00:20,481 run_factor_ic INFO Regime distribution: {'ranging': 35, 'trending_up': 23, 'trending_down': 14}
2026-05-10 03:02:06,501 run_factor_ic WARNING Period 2020-02-12: empty factor scores ĪX skipping
2026-05-10 03:14:28,685 run_factor_ic WARNING Period 2021-03-12: empty factor scores ĪX skipping
2026-05-10 03:26:52,625 run_factor_ic WARNING Period 2022-02-14: empty factor scores ĪX skipping
2026-05-10 03:40:15,880 run_factor_ic WARNING Period 2023-02-13: only 0 forward returns ĪX skipping (dropped 1 by gap)
2026-05-10 03:55:05,026 run_factor_ic WARNING Period 2024-03-12: empty factor scores ĪX skipping
2026-05-10 04:10:27,969 run_factor_ic WARNING Period 2025-02-12: empty factor scores ĪX skipping
2026-05-10 04:22:07,480 run_factor_ic INFO forward-return gap filter: 76 / 93880 (0.1%) dropped (max_gap_days=5)
2026-05-10 04:22:07,481 run_factor_ic INFO Running factor_ic_report on 65 periods
2026-05-10 04:22:07,504 run_factor_ic INFO Loaded 3074 industry labels for effective_n clustering
2026-05-10 04:22:38,575 run_factor_ic INFO Wrote e:\Data\chongweihuang\Desktop\project\Stock-Trading\reports\factor_ic\foreign_broker_v2_ic.json
============================================================
  Factor IC: foreign_broker_v2
============================================================
  periods               : 65
  n_symbols_avg         : 1443.1
  mean_ic               : -0.0077
  ic_ir                 : -0.084
  t_stat                : -0.677
  p_value               : 0.5007
  bootstrap 95%% (block): [-0.0276, 0.0116]
  bootstrap 95%% (iid)  : [-0.0299, 0.0141]
  DSR (confidence)      : 0.0  (n_trials=5; BLdP 2014: >=0.95 significant, NOT a p-value)
  effective_n           : 269
  permutation           : significant_negative (p_emp=0.0199)
  regime ICs            :
    ranging         mean=-0.0121 n=30
    trending_down   mean=0.0348 n=13
    trending_up     mean=-0.0268 n=22
============================================================
