2026-05-10 04:53:31,592 run_factor_ic INFO Cache dir: E:\Data\chongweihuang\Desktop\project\Stock-Trading\data\cache
2026-05-10 04:53:31,593 run_factor_ic INFO Factor: margin_short_ratio  panel=margin_short  aux=issued_capital  min_history=40
2026-05-10 04:53:31,593 run_factor_ic INFO Loading universe OHLCV from cache...
2026-05-10 04:53:43,618 run_factor_ic INFO Loaded 1968 OHLCV symbols
2026-05-10 04:53:43,618 run_factor_ic INFO Loading universe margin_short from cache...
2026-05-10 04:53:53,914 run_factor_ic INFO Loaded 1918 margin_short symbols
2026-05-10 04:53:53,914 run_factor_ic INFO Loading issued_capital PIT panel...
e:\Data\chongweihuang\Desktop\project\Stock-Trading\scripts\run_factor_ic.py:447: UserWarning: issued_capital cache E:\Data\chongweihuang\Desktop\project\Stock-Trading\data\cache\issued_capital\_global.pkl lacks 'date' column. Treating as static snapshot (PIT approximation). To get true PIT, run cache_fill_new_factors.py with date-bearing issued_shares history.
  main()
2026-05-10 04:53:53,954 run_factor_ic INFO Loaded issued_capital panel: 1962 rows, 1962 unique symbols
2026-05-10 04:53:57,187 run_factor_ic INFO intersection-universe: ohlcv contributes 1929 symbols (threshold 250)
2026-05-10 04:54:03,847 run_factor_ic INFO intersection-universe: revenue contributes 1822 symbols (threshold 24)
2026-05-10 04:54:11,563 run_factor_ic INFO intersection-universe: margin_short contributes 1789 symbols (threshold 250)
2026-05-10 04:54:22,642 run_factor_ic INFO intersection-universe: institutional_v2 contributes 2025 symbols (threshold 250)
2026-05-10 04:54:30,355 run_factor_ic INFO intersection-universe: quarterly_eps contributes 2107 symbols (threshold 12)
2026-05-10 04:54:30,363 run_factor_ic INFO Intersection universe: 1696 symbols
2026-05-10 04:54:33,669 run_factor_ic INFO Generated 72 rebalance dates
2026-05-10 04:54:35,539 run_factor_ic INFO Regime distribution: {'ranging': 35, 'trending_up': 23, 'trending_down': 14}
2026-05-10 05:04:02,641 run_factor_ic INFO forward-return gap filter: 348 / 105834 (0.3%) dropped (max_gap_days=5)
2026-05-10 05:04:02,646 run_factor_ic INFO Running factor_ic_report on 71 periods
2026-05-10 05:04:02,658 run_factor_ic INFO Loaded 3074 industry labels for effective_n clustering
2026-05-10 05:04:28,736 run_factor_ic INFO Wrote e:\Data\chongweihuang\Desktop\project\Stock-Trading\reports\factor_ic\margin_short_ratio_ic.json
============================================================
  Factor IC: margin_short_ratio
============================================================
  periods               : 71
  n_symbols_avg         : 1485.7
  mean_ic               : 0.0387
  ic_ir                 : 0.2314
  t_stat                : 1.95
  p_value               : 0.0552
  bootstrap 95%% (block): [0.0121, 0.0668]
  bootstrap 95%% (iid)  : [0.002, 0.0769]
  DSR (confidence)      : 0.0  (n_trials=5; BLdP 2014: >=0.95 significant, NOT a p-value)
  effective_n           : 266
  permutation           : significant_positive (p_emp=0.0066)
  regime ICs            :
    ranging         mean=0.0358 n=34
    trending_down   mean=-0.0251 n=14
    trending_up     mean=0.082 n=23
============================================================
