2026-05-06 20:18:46,316 | INFO | Building CellSweepContext (loading universe + factor data sources)...
2026-05-06 20:19:00,571 | INFO | Loaded 1908 OHLCV pkls in [2018-11-27..2024-12-31]
2026-05-06 20:19:00,599 | INFO | V0.24: 0050 dividend-adjusted close (15 events applied)
2026-05-06 20:19:00,614 | INFO | Universe: 1908 OHLCV stocks; benchmark: 59 monthly returns
2026-05-06 20:19:00,617 | INFO | Running cell D-B|8 ...
2026-05-06 20:34:34,803 | INFO | Cell D-B|8: ir=0.0068 mean_α=0.0002 te=0.2936
2026-05-06 20:34:34,803 | INFO | Running cell D-B|12 ...
2026-05-06 20:49:20,201 | INFO | Cell D-B|12: ir=-0.0428 mean_α=-0.0009 te=0.2414
2026-05-06 20:49:20,205 | INFO | Running cell D-B|16 ...
2026-05-06 21:04:08,086 | INFO | Cell D-B|16: ir=-0.0062 mean_α=-0.0001 te=0.2341
2026-05-06 21:04:08,086 | INFO | Running cell D-C|8 ...
2026-05-06 21:12:14,431 | INFO | Cell D-C|8: ir=0.0924 mean_α=0.0023 te=0.3031
2026-05-06 21:12:14,432 | INFO | Running cell D-C|12 ...
2026-05-06 21:20:08,695 | INFO | Cell D-C|12: ir=0.2360 mean_α=0.0055 te=0.2793
2026-05-06 21:20:08,696 | INFO | Running cell D-C|16 ...
2026-05-06 21:28:04,025 | INFO | Cell D-C|16: ir=0.1881 mean_α=0.0042 te=0.2668
2026-05-06 21:28:04,025 | INFO | Running cell D-D|8 ...
2026-05-06 21:42:57,990 | INFO | Cell D-D|8: ir=-0.2067 mean_α=-0.0034 te=0.1978
2026-05-06 21:42:57,999 | INFO | Running cell D-D|12 ...
2026-05-06 21:57:45,234 | INFO | Cell D-D|12: ir=-0.0199 mean_α=-0.0004 te=0.2209
2026-05-06 21:57:45,246 | INFO | Running cell D-D|16 ...
2026-05-06 22:13:32,622 | INFO | Cell D-D|16: ir=0.0430 mean_α=0.0008 te=0.2234
2026-05-06 22:13:32,622 | INFO | Running cell D-E|8 ...
2026-05-06 22:14:43,636 | INFO | V0.26 _build_financial_history: 47686 rows, 2036 symbols, period 2019-03-31 ~ 2026-03-31
2026-05-06 22:25:43,301 | INFO | Cell D-E|8: ir=0.2819 mean_α=0.0094 te=0.4020
2026-05-06 22:25:43,302 | INFO | Running cell D-E|12 ...
2026-05-06 22:37:24,999 | INFO | Cell D-E|12: ir=0.3368 mean_α=0.0088 te=0.3121
2026-05-06 22:37:24,999 | INFO | Running cell D-E|16 ...
2026-05-06 22:48:29,814 | INFO | Cell D-E|16: ir=0.2376 mean_α=0.0052 te=0.2649
2026-05-06 22:48:29,823 | INFO | Running cell D-F|8 ...
2026-05-06 22:56:43,540 | INFO | Cell D-F|8: ir=0.3414 mean_α=0.0127 te=0.4463
2026-05-06 22:56:43,540 | INFO | Running cell D-F|12 ...
2026-05-06 23:04:57,466 | INFO | Cell D-F|12: ir=0.2528 mean_α=0.0078 te=0.3706
2026-05-06 23:04:57,468 | INFO | Running cell D-F|16 ...
2026-05-06 23:13:34,364 | INFO | Cell D-F|16: ir=0.1718 mean_α=0.0046 te=0.3225
2026-05-06 23:13:34,364 | INFO | Running cell D-G|8 ...
2026-05-06 23:25:21,543 | INFO | Cell D-G|8: ir=-0.0767 mean_α=-0.0013 te=0.2099
2026-05-06 23:25:21,545 | INFO | Running cell D-G|12 ...
2026-05-06 23:36:55,247 | INFO | Cell D-G|12: ir=-0.0315 mean_α=-0.0005 te=0.2008
2026-05-06 23:36:55,257 | INFO | Running cell D-G|16 ...
2026-05-06 23:48:45,053 | INFO | Cell D-G|16: ir=-0.0701 mean_α=-0.0012 te=0.1997
2026-05-06 23:48:45,053 | INFO | All 18 cells done. Output: reports\phase_d\cell_sweep_v7_2026_05_06_round3
2026-05-06 23:48:45,807 | INFO | Done. Cells: 18
